{"/home/lemonaj58/Desktop/npmConvert/index.js": {"path":"/home/lemonaj58/Desktop/npmConvert/index.js","statementMap":{"0":{"start":{"line":1,"column":27},"end":{"line":1,"column":28}},"1":{"start":{"line":2,"column":0},"end":{"line":220,"column":1}},"2":{"start":{"line":3,"column":21},"end":{"line":3,"column":28}},"3":{"start":{"line":4,"column":24},"end":{"line":4,"column":28}},"4":{"start":{"line":5,"column":25},"end":{"line":5,"column":33}},"5":{"start":{"line":6,"column":22},"end":{"line":6,"column":26}},"6":{"start":{"line":7,"column":21},"end":{"line":7,"column":27}},"7":{"start":{"line":8,"column":24},"end":{"line":8,"column":29}},"8":{"start":{"line":9,"column":31},"end":{"line":9,"column":34}},"9":{"start":{"line":10,"column":26},"end":{"line":10,"column":38}},"10":{"start":{"line":11,"column":25},"end":{"line":11,"column":31}},"11":{"start":{"line":12,"column":24},"end":{"line":12,"column":35}},"12":{"start":{"line":14,"column":31},"end":{"line":14,"column":35}},"13":{"start":{"line":15,"column":24},"end":{"line":15,"column":27}},"14":{"start":{"line":16,"column":23},"end":{"line":16,"column":24}},"15":{"start":{"line":17,"column":24},"end":{"line":17,"column":32}},"16":{"start":{"line":19,"column":25},"end":{"line":19,"column":31}},"17":{"start":{"line":20,"column":24},"end":{"line":20,"column":26}},"18":{"start":{"line":21,"column":31},"end":{"line":21,"column":35}},"19":{"start":{"line":22,"column":32},"end":{"line":22,"column":38}},"20":{"start":{"line":23,"column":31},"end":{"line":23,"column":35}},"21":{"start":{"line":24,"column":32},"end":{"line":24,"column":40}},"22":{"start":{"line":26,"column":25},"end":{"line":26,"column":31}},"23":{"start":{"line":28,"column":26},"end":{"line":28,"column":36}},"24":{"start":{"line":33,"column":34},"end":{"line":33,"column":39}},"25":{"start":{"line":34,"column":32},"end":{"line":34,"column":33}},"26":{"start":{"line":35,"column":29},"end":{"line":35,"column":35}},"27":{"start":{"line":36,"column":28},"end":{"line":36,"column":30}},"28":{"start":{"line":37,"column":24},"end":{"line":37,"column":29}},"29":{"start":{"line":38,"column":23},"end":{"line":38,"column":24}},"30":{"start":{"line":39,"column":26},"end":{"line":39,"column":31}},"31":{"start":{"line":40,"column":25},"end":{"line":40,"column":26}},"32":{"start":{"line":41,"column":25},"end":{"line":41,"column":30}},"33":{"start":{"line":42,"column":24},"end":{"line":42,"column":25}},"34":{"start":{"line":43,"column":28},"end":{"line":43,"column":33}},"35":{"start":{"line":44,"column":27},"end":{"line":44,"column":28}},"36":{"start":{"line":45,"column":27},"end":{"line":45,"column":32}},"37":{"start":{"line":46,"column":26},"end":{"line":46,"column":27}},"38":{"start":{"line":47,"column":26},"end":{"line":47,"column":32}},"39":{"start":{"line":48,"column":25},"end":{"line":48,"column":27}},"40":{"start":{"line":49,"column":28},"end":{"line":49,"column":40}},"41":{"start":{"line":50,"column":27},"end":{"line":50,"column":35}},"42":{"start":{"line":54,"column":4},"end":{"line":54,"column":65}},"43":{"start":{"line":58,"column":4},"end":{"line":58,"column":57}},"44":{"start":{"line":62,"column":4},"end":{"line":62,"column":60}},"45":{"start":{"line":66,"column":4},"end":{"line":66,"column":60}},"46":{"start":{"line":70,"column":4},"end":{"line":70,"column":67}},"47":{"start":{"line":74,"column":4},"end":{"line":74,"column":67}},"48":{"start":{"line":78,"column":4},"end":{"line":78,"column":59}},"49":{"start":{"line":82,"column":4},"end":{"line":82,"column":59}},"50":{"start":{"line":86,"column":4},"end":{"line":86,"column":59}},"51":{"start":{"line":90,"column":4},"end":{"line":90,"column":58}},"52":{"start":{"line":94,"column":4},"end":{"line":94,"column":60}},"53":{"start":{"line":98,"column":4},"end":{"line":98,"column":60}},"54":{"start":{"line":102,"column":4},"end":{"line":102,"column":67}},"55":{"start":{"line":106,"column":4},"end":{"line":106,"column":67}},"56":{"start":{"line":110,"column":4},"end":{"line":110,"column":67}},"57":{"start":{"line":114,"column":4},"end":{"line":114,"column":67}},"58":{"start":{"line":118,"column":4},"end":{"line":118,"column":60}},"59":{"start":{"line":122,"column":4},"end":{"line":122,"column":60}},"60":{"start":{"line":126,"column":4},"end":{"line":126,"column":61}},"61":{"start":{"line":130,"column":4},"end":{"line":130,"column":61}},"62":{"start":{"line":134,"column":4},"end":{"line":134,"column":61}},"63":{"start":{"line":138,"column":4},"end":{"line":138,"column":61}},"64":{"start":{"line":145,"column":4},"end":{"line":145,"column":69}},"65":{"start":{"line":149,"column":4},"end":{"line":149,"column":68}},"66":{"start":{"line":153,"column":4},"end":{"line":153,"column":64}},"67":{"start":{"line":157,"column":4},"end":{"line":157,"column":64}},"68":{"start":{"line":161,"column":4},"end":{"line":161,"column":59}},"69":{"start":{"line":165,"column":4},"end":{"line":165,"column":58}},"70":{"start":{"line":169,"column":4},"end":{"line":169,"column":61}},"71":{"start":{"line":173,"column":4},"end":{"line":173,"column":61}},"72":{"start":{"line":177,"column":4},"end":{"line":177,"column":60}},"73":{"start":{"line":181,"column":4},"end":{"line":181,"column":60}},"74":{"start":{"line":185,"column":4},"end":{"line":185,"column":62}},"75":{"start":{"line":189,"column":4},"end":{"line":189,"column":63}},"76":{"start":{"line":193,"column":4},"end":{"line":193,"column":61}},"77":{"start":{"line":197,"column":4},"end":{"line":197,"column":62}},"78":{"start":{"line":201,"column":4},"end":{"line":201,"column":61}},"79":{"start":{"line":205,"column":4},"end":{"line":205,"column":61}},"80":{"start":{"line":209,"column":4},"end":{"line":209,"column":63}},"81":{"start":{"line":213,"column":4},"end":{"line":213,"column":63}}},"fnMap":{"0":{"name":"(anonymous_0)","decl":{"start":{"line":53,"column":2},"end":{"line":53,"column":3}},"loc":{"start":{"line":53,"column":60},"end":{"line":55,"column":3}},"line":53},"1":{"name":"(anonymous_1)","decl":{"start":{"line":57,"column":2},"end":{"line":57,"column":3}},"loc":{"start":{"line":57,"column":60},"end":{"line":59,"column":3}},"line":57},"2":{"name":"(anonymous_2)","decl":{"start":{"line":61,"column":2},"end":{"line":61,"column":3}},"loc":{"start":{"line":61,"column":63},"end":{"line":63,"column":3}},"line":61},"3":{"name":"(anonymous_3)","decl":{"start":{"line":65,"column":2},"end":{"line":65,"column":3}},"loc":{"start":{"line":65,"column":63},"end":{"line":67,"column":3}},"line":65},"4":{"name":"(anonymous_4)","decl":{"start":{"line":69,"column":2},"end":{"line":69,"column":3}},"loc":{"start":{"line":69,"column":70},"end":{"line":71,"column":3}},"line":69},"5":{"name":"(anonymous_5)","decl":{"start":{"line":73,"column":2},"end":{"line":73,"column":3}},"loc":{"start":{"line":73,"column":70},"end":{"line":75,"column":3}},"line":73},"6":{"name":"(anonymous_6)","decl":{"start":{"line":77,"column":2},"end":{"line":77,"column":3}},"loc":{"start":{"line":77,"column":62},"end":{"line":79,"column":3}},"line":77},"7":{"name":"(anonymous_7)","decl":{"start":{"line":81,"column":2},"end":{"line":81,"column":3}},"loc":{"start":{"line":81,"column":62},"end":{"line":83,"column":3}},"line":81},"8":{"name":"(anonymous_8)","decl":{"start":{"line":85,"column":2},"end":{"line":85,"column":3}},"loc":{"start":{"line":85,"column":62},"end":{"line":87,"column":3}},"line":85},"9":{"name":"(anonymous_9)","decl":{"start":{"line":89,"column":2},"end":{"line":89,"column":3}},"loc":{"start":{"line":89,"column":62},"end":{"line":91,"column":3}},"line":89},"10":{"name":"(anonymous_10)","decl":{"start":{"line":93,"column":2},"end":{"line":93,"column":3}},"loc":{"start":{"line":93,"column":63},"end":{"line":95,"column":3}},"line":93},"11":{"name":"(anonymous_11)","decl":{"start":{"line":97,"column":2},"end":{"line":97,"column":3}},"loc":{"start":{"line":97,"column":63},"end":{"line":99,"column":3}},"line":97},"12":{"name":"(anonymous_12)","decl":{"start":{"line":101,"column":2},"end":{"line":101,"column":3}},"loc":{"start":{"line":101,"column":70},"end":{"line":103,"column":3}},"line":101},"13":{"name":"(anonymous_13)","decl":{"start":{"line":105,"column":2},"end":{"line":105,"column":3}},"loc":{"start":{"line":105,"column":70},"end":{"line":107,"column":3}},"line":105},"14":{"name":"(anonymous_14)","decl":{"start":{"line":109,"column":2},"end":{"line":109,"column":3}},"loc":{"start":{"line":109,"column":70},"end":{"line":111,"column":3}},"line":109},"15":{"name":"(anonymous_15)","decl":{"start":{"line":113,"column":2},"end":{"line":113,"column":3}},"loc":{"start":{"line":113,"column":70},"end":{"line":115,"column":3}},"line":113},"16":{"name":"(anonymous_16)","decl":{"start":{"line":117,"column":2},"end":{"line":117,"column":3}},"loc":{"start":{"line":117,"column":63},"end":{"line":119,"column":3}},"line":117},"17":{"name":"(anonymous_17)","decl":{"start":{"line":121,"column":2},"end":{"line":121,"column":3}},"loc":{"start":{"line":121,"column":63},"end":{"line":123,"column":3}},"line":121},"18":{"name":"(anonymous_18)","decl":{"start":{"line":125,"column":2},"end":{"line":125,"column":3}},"loc":{"start":{"line":125,"column":64},"end":{"line":127,"column":3}},"line":125},"19":{"name":"(anonymous_19)","decl":{"start":{"line":129,"column":2},"end":{"line":129,"column":3}},"loc":{"start":{"line":129,"column":64},"end":{"line":131,"column":3}},"line":129},"20":{"name":"(anonymous_20)","decl":{"start":{"line":133,"column":2},"end":{"line":133,"column":3}},"loc":{"start":{"line":133,"column":64},"end":{"line":135,"column":3}},"line":133},"21":{"name":"(anonymous_21)","decl":{"start":{"line":137,"column":2},"end":{"line":137,"column":3}},"loc":{"start":{"line":137,"column":64},"end":{"line":139,"column":3}},"line":137},"22":{"name":"(anonymous_22)","decl":{"start":{"line":144,"column":2},"end":{"line":144,"column":3}},"loc":{"start":{"line":144,"column":73},"end":{"line":146,"column":3}},"line":144},"23":{"name":"(anonymous_23)","decl":{"start":{"line":148,"column":2},"end":{"line":148,"column":3}},"loc":{"start":{"line":148,"column":73},"end":{"line":150,"column":3}},"line":148},"24":{"name":"(anonymous_24)","decl":{"start":{"line":152,"column":2},"end":{"line":152,"column":3}},"loc":{"start":{"line":152,"column":68},"end":{"line":154,"column":3}},"line":152},"25":{"name":"(anonymous_25)","decl":{"start":{"line":156,"column":2},"end":{"line":156,"column":3}},"loc":{"start":{"line":156,"column":67},"end":{"line":158,"column":3}},"line":156},"26":{"name":"(anonymous_26)","decl":{"start":{"line":160,"column":2},"end":{"line":160,"column":3}},"loc":{"start":{"line":160,"column":62},"end":{"line":162,"column":3}},"line":160},"27":{"name":"(anonymous_27)","decl":{"start":{"line":164,"column":2},"end":{"line":164,"column":3}},"loc":{"start":{"line":164,"column":62},"end":{"line":166,"column":3}},"line":164},"28":{"name":"(anonymous_28)","decl":{"start":{"line":168,"column":2},"end":{"line":168,"column":3}},"loc":{"start":{"line":168,"column":64},"end":{"line":170,"column":3}},"line":168},"29":{"name":"(anonymous_29)","decl":{"start":{"line":172,"column":2},"end":{"line":172,"column":3}},"loc":{"start":{"line":172,"column":64},"end":{"line":174,"column":3}},"line":172},"30":{"name":"(anonymous_30)","decl":{"start":{"line":176,"column":2},"end":{"line":176,"column":3}},"loc":{"start":{"line":176,"column":63},"end":{"line":178,"column":3}},"line":176},"31":{"name":"(anonymous_31)","decl":{"start":{"line":180,"column":2},"end":{"line":180,"column":3}},"loc":{"start":{"line":180,"column":63},"end":{"line":182,"column":3}},"line":180},"32":{"name":"(anonymous_32)","decl":{"start":{"line":184,"column":2},"end":{"line":184,"column":3}},"loc":{"start":{"line":184,"column":66},"end":{"line":186,"column":3}},"line":184},"33":{"name":"(anonymous_33)","decl":{"start":{"line":188,"column":2},"end":{"line":188,"column":3}},"loc":{"start":{"line":188,"column":66},"end":{"line":190,"column":3}},"line":188},"34":{"name":"(anonymous_34)","decl":{"start":{"line":192,"column":2},"end":{"line":192,"column":3}},"loc":{"start":{"line":192,"column":65},"end":{"line":194,"column":3}},"line":192},"35":{"name":"(anonymous_35)","decl":{"start":{"line":196,"column":2},"end":{"line":196,"column":3}},"loc":{"start":{"line":196,"column":65},"end":{"line":198,"column":3}},"line":196},"36":{"name":"(anonymous_36)","decl":{"start":{"line":200,"column":2},"end":{"line":200,"column":3}},"loc":{"start":{"line":200,"column":64},"end":{"line":202,"column":3}},"line":200},"37":{"name":"(anonymous_37)","decl":{"start":{"line":204,"column":2},"end":{"line":204,"column":3}},"loc":{"start":{"line":204,"column":64},"end":{"line":206,"column":3}},"line":204},"38":{"name":"(anonymous_38)","decl":{"start":{"line":208,"column":2},"end":{"line":208,"column":3}},"loc":{"start":{"line":208,"column":66},"end":{"line":210,"column":3}},"line":208},"39":{"name":"(anonymous_39)","decl":{"start":{"line":212,"column":2},"end":{"line":212,"column":3}},"loc":{"start":{"line":212,"column":66},"end":{"line":214,"column":3}},"line":212}},"branchMap":{"0":{"loc":{"start":{"line":53,"column":24},"end":{"line":53,"column":58}},"type":"default-arg","locations":[{"start":{"line":53,"column":40},"end":{"line":53,"column":58}}],"line":53},"1":{"loc":{"start":{"line":57,"column":24},"end":{"line":57,"column":58}},"type":"default-arg","locations":[{"start":{"line":57,"column":40},"end":{"line":57,"column":58}}],"line":57},"2":{"loc":{"start":{"line":61,"column":27},"end":{"line":61,"column":61}},"type":"default-arg","locations":[{"start":{"line":61,"column":43},"end":{"line":61,"column":61}}],"line":61},"3":{"loc":{"start":{"line":65,"column":27},"end":{"line":65,"column":61}},"type":"default-arg","locations":[{"start":{"line":65,"column":43},"end":{"line":65,"column":61}}],"line":65},"4":{"loc":{"start":{"line":69,"column":34},"end":{"line":69,"column":68}},"type":"default-arg","locations":[{"start":{"line":69,"column":50},"end":{"line":69,"column":68}}],"line":69},"5":{"loc":{"start":{"line":73,"column":34},"end":{"line":73,"column":68}},"type":"default-arg","locations":[{"start":{"line":73,"column":50},"end":{"line":73,"column":68}}],"line":73},"6":{"loc":{"start":{"line":77,"column":26},"end":{"line":77,"column":60}},"type":"default-arg","locations":[{"start":{"line":77,"column":42},"end":{"line":77,"column":60}}],"line":77},"7":{"loc":{"start":{"line":81,"column":26},"end":{"line":81,"column":60}},"type":"default-arg","locations":[{"start":{"line":81,"column":42},"end":{"line":81,"column":60}}],"line":81},"8":{"loc":{"start":{"line":85,"column":26},"end":{"line":85,"column":60}},"type":"default-arg","locations":[{"start":{"line":85,"column":42},"end":{"line":85,"column":60}}],"line":85},"9":{"loc":{"start":{"line":89,"column":26},"end":{"line":89,"column":60}},"type":"default-arg","locations":[{"start":{"line":89,"column":42},"end":{"line":89,"column":60}}],"line":89},"10":{"loc":{"start":{"line":93,"column":27},"end":{"line":93,"column":61}},"type":"default-arg","locations":[{"start":{"line":93,"column":43},"end":{"line":93,"column":61}}],"line":93},"11":{"loc":{"start":{"line":97,"column":27},"end":{"line":97,"column":61}},"type":"default-arg","locations":[{"start":{"line":97,"column":43},"end":{"line":97,"column":61}}],"line":97},"12":{"loc":{"start":{"line":101,"column":34},"end":{"line":101,"column":68}},"type":"default-arg","locations":[{"start":{"line":101,"column":50},"end":{"line":101,"column":68}}],"line":101},"13":{"loc":{"start":{"line":105,"column":34},"end":{"line":105,"column":68}},"type":"default-arg","locations":[{"start":{"line":105,"column":50},"end":{"line":105,"column":68}}],"line":105},"14":{"loc":{"start":{"line":109,"column":34},"end":{"line":109,"column":68}},"type":"default-arg","locations":[{"start":{"line":109,"column":50},"end":{"line":109,"column":68}}],"line":109},"15":{"loc":{"start":{"line":113,"column":34},"end":{"line":113,"column":68}},"type":"default-arg","locations":[{"start":{"line":113,"column":50},"end":{"line":113,"column":68}}],"line":113},"16":{"loc":{"start":{"line":117,"column":27},"end":{"line":117,"column":61}},"type":"default-arg","locations":[{"start":{"line":117,"column":43},"end":{"line":117,"column":61}}],"line":117},"17":{"loc":{"start":{"line":121,"column":27},"end":{"line":121,"column":61}},"type":"default-arg","locations":[{"start":{"line":121,"column":43},"end":{"line":121,"column":61}}],"line":121},"18":{"loc":{"start":{"line":125,"column":28},"end":{"line":125,"column":62}},"type":"default-arg","locations":[{"start":{"line":125,"column":44},"end":{"line":125,"column":62}}],"line":125},"19":{"loc":{"start":{"line":129,"column":28},"end":{"line":129,"column":62}},"type":"default-arg","locations":[{"start":{"line":129,"column":44},"end":{"line":129,"column":62}}],"line":129},"20":{"loc":{"start":{"line":133,"column":28},"end":{"line":133,"column":62}},"type":"default-arg","locations":[{"start":{"line":133,"column":44},"end":{"line":133,"column":62}}],"line":133},"21":{"loc":{"start":{"line":137,"column":28},"end":{"line":137,"column":62}},"type":"default-arg","locations":[{"start":{"line":137,"column":44},"end":{"line":137,"column":62}}],"line":137},"22":{"loc":{"start":{"line":144,"column":37},"end":{"line":144,"column":71}},"type":"default-arg","locations":[{"start":{"line":144,"column":53},"end":{"line":144,"column":71}}],"line":144},"23":{"loc":{"start":{"line":148,"column":37},"end":{"line":148,"column":71}},"type":"default-arg","locations":[{"start":{"line":148,"column":53},"end":{"line":148,"column":71}}],"line":148},"24":{"loc":{"start":{"line":152,"column":32},"end":{"line":152,"column":66}},"type":"default-arg","locations":[{"start":{"line":152,"column":48},"end":{"line":152,"column":66}}],"line":152},"25":{"loc":{"start":{"line":156,"column":31},"end":{"line":156,"column":65}},"type":"default-arg","locations":[{"start":{"line":156,"column":47},"end":{"line":156,"column":65}}],"line":156},"26":{"loc":{"start":{"line":160,"column":26},"end":{"line":160,"column":60}},"type":"default-arg","locations":[{"start":{"line":160,"column":42},"end":{"line":160,"column":60}}],"line":160},"27":{"loc":{"start":{"line":164,"column":26},"end":{"line":164,"column":60}},"type":"default-arg","locations":[{"start":{"line":164,"column":42},"end":{"line":164,"column":60}}],"line":164},"28":{"loc":{"start":{"line":168,"column":28},"end":{"line":168,"column":62}},"type":"default-arg","locations":[{"start":{"line":168,"column":44},"end":{"line":168,"column":62}}],"line":168},"29":{"loc":{"start":{"line":172,"column":28},"end":{"line":172,"column":62}},"type":"default-arg","locations":[{"start":{"line":172,"column":44},"end":{"line":172,"column":62}}],"line":172},"30":{"loc":{"start":{"line":176,"column":27},"end":{"line":176,"column":61}},"type":"default-arg","locations":[{"start":{"line":176,"column":43},"end":{"line":176,"column":61}}],"line":176},"31":{"loc":{"start":{"line":180,"column":27},"end":{"line":180,"column":61}},"type":"default-arg","locations":[{"start":{"line":180,"column":43},"end":{"line":180,"column":61}}],"line":180},"32":{"loc":{"start":{"line":184,"column":30},"end":{"line":184,"column":64}},"type":"default-arg","locations":[{"start":{"line":184,"column":46},"end":{"line":184,"column":64}}],"line":184},"33":{"loc":{"start":{"line":188,"column":30},"end":{"line":188,"column":64}},"type":"default-arg","locations":[{"start":{"line":188,"column":46},"end":{"line":188,"column":64}}],"line":188},"34":{"loc":{"start":{"line":192,"column":29},"end":{"line":192,"column":63}},"type":"default-arg","locations":[{"start":{"line":192,"column":45},"end":{"line":192,"column":63}}],"line":192},"35":{"loc":{"start":{"line":196,"column":29},"end":{"line":196,"column":63}},"type":"default-arg","locations":[{"start":{"line":196,"column":45},"end":{"line":196,"column":63}}],"line":196},"36":{"loc":{"start":{"line":200,"column":28},"end":{"line":200,"column":62}},"type":"default-arg","locations":[{"start":{"line":200,"column":44},"end":{"line":200,"column":62}}],"line":200},"37":{"loc":{"start":{"line":204,"column":28},"end":{"line":204,"column":62}},"type":"default-arg","locations":[{"start":{"line":204,"column":44},"end":{"line":204,"column":62}}],"line":204},"38":{"loc":{"start":{"line":208,"column":30},"end":{"line":208,"column":64}},"type":"default-arg","locations":[{"start":{"line":208,"column":46},"end":{"line":208,"column":64}}],"line":208},"39":{"loc":{"start":{"line":212,"column":30},"end":{"line":212,"column":64}},"type":"default-arg","locations":[{"start":{"line":212,"column":46},"end":{"line":212,"column":64}}],"line":212}},"s":{"0":1,"1":1,"2":1,"3":1,"4":1,"5":1,"6":1,"7":1,"8":1,"9":1,"10":1,"11":1,"12":1,"13":1,"14":1,"15":1,"16":1,"17":1,"18":1,"19":1,"20":1,"21":1,"22":1,"23":1,"24":1,"25":1,"26":1,"27":1,"28":1,"29":1,"30":1,"31":1,"32":1,"33":1,"34":1,"35":1,"36":1,"37":1,"38":1,"39":1,"40":1,"41":1,"42":1,"43":0,"44":0,"45":0,"46":0,"47":0,"48":0,"49":0,"50":0,"51":0,"52":0,"53":0,"54":0,"55":0,"56":0,"57":0,"58":0,"59":0,"60":0,"61":0,"62":0,"63":0,"64":0,"65":0,"66":0,"67":0,"68":0,"69":0,"70":0,"71":0,"72":0,"73":0,"74":0,"75":0,"76":0,"77":0,"78":0,"79":0,"80":0,"81":0},"f":{"0":1,"1":0,"2":0,"3":0,"4":0,"5":0,"6":0,"7":0,"8":0,"9":0,"10":0,"11":0,"12":0,"13":0,"14":0,"15":0,"16":0,"17":0,"18":0,"19":0,"20":0,"21":0,"22":0,"23":0,"24":0,"25":0,"26":0,"27":0,"28":0,"29":0,"30":0,"31":0,"32":0,"33":0,"34":0,"35":0,"36":0,"37":0,"38":0,"39":0},"b":{"0":[1],"1":[0],"2":[0],"3":[0],"4":[0],"5":[0],"6":[0],"7":[0],"8":[0],"9":[0],"10":[0],"11":[0],"12":[0],"13":[0],"14":[0],"15":[0],"16":[0],"17":[0],"18":[0],"19":[0],"20":[0],"21":[0],"22":[0],"23":[0],"24":[0],"25":[0],"26":[0],"27":[0],"28":[0],"29":[0],"30":[0],"31":[0],"32":[0],"33":[0],"34":[0],"35":[0],"36":[0],"37":[0],"38":[0],"39":[0]},"_coverageSchema":"1a1c01bbd47fc00a2c39e90264f33305004495a9","hash":"732cc3e13d09c717bae4252e6f6cc12f8141c7a1"}
}
