TN:
SF:index.js
FN:53,(anonymous_0)
FN:57,(anonymous_1)
FN:61,(anonymous_2)
FN:65,(anonymous_3)
FN:69,(anonymous_4)
FN:73,(anonymous_5)
FN:77,(anonymous_6)
FN:81,(anonymous_7)
FN:85,(anonymous_8)
FN:89,(anonymous_9)
FN:93,(anonymous_10)
FN:97,(anonymous_11)
FN:101,(anonymous_12)
FN:105,(anonymous_13)
FN:109,(anonymous_14)
FN:113,(anonymous_15)
FN:117,(anonymous_16)
FN:121,(anonymous_17)
FN:125,(anonymous_18)
FN:129,(anonymous_19)
FN:133,(anonymous_20)
FN:137,(anonymous_21)
FN:144,(anonymous_22)
FN:148,(anonymous_23)
FN:152,(anonymous_24)
FN:156,(anonymous_25)
FN:160,(anonymous_26)
FN:164,(anonymous_27)
FN:168,(anonymous_28)
FN:172,(anonymous_29)
FN:176,(anonymous_30)
FN:180,(anonymous_31)
FN:184,(anonymous_32)
FN:188,(anonymous_33)
FN:192,(anonymous_34)
FN:196,(anonymous_35)
FN:200,(anonymous_36)
FN:204,(anonymous_37)
FN:208,(anonymous_38)
FN:212,(anonymous_39)
FNF:40
FNH:1
FNDA:1,(anonymous_0)
FNDA:0,(anonymous_1)
FNDA:0,(anonymous_2)
FNDA:0,(anonymous_3)
FNDA:0,(anonymous_4)
FNDA:0,(anonymous_5)
FNDA:0,(anonymous_6)
FNDA:0,(anonymous_7)
FNDA:0,(anonymous_8)
FNDA:0,(anonymous_9)
FNDA:0,(anonymous_10)
FNDA:0,(anonymous_11)
FNDA:0,(anonymous_12)
FNDA:0,(anonymous_13)
FNDA:0,(anonymous_14)
FNDA:0,(anonymous_15)
FNDA:0,(anonymous_16)
FNDA:0,(anonymous_17)
FNDA:0,(anonymous_18)
FNDA:0,(anonymous_19)
FNDA:0,(anonymous_20)
FNDA:0,(anonymous_21)
FNDA:0,(anonymous_22)
FNDA:0,(anonymous_23)
FNDA:0,(anonymous_24)
FNDA:0,(anonymous_25)
FNDA:0,(anonymous_26)
FNDA:0,(anonymous_27)
FNDA:0,(anonymous_28)
FNDA:0,(anonymous_29)
FNDA:0,(anonymous_30)
FNDA:0,(anonymous_31)
FNDA:0,(anonymous_32)
FNDA:0,(anonymous_33)
FNDA:0,(anonymous_34)
FNDA:0,(anonymous_35)
FNDA:0,(anonymous_36)
FNDA:0,(anonymous_37)
FNDA:0,(anonymous_38)
FNDA:0,(anonymous_39)
DA:1,1
DA:2,1
DA:3,1
DA:4,1
DA:5,1
DA:6,1
DA:7,1
DA:8,1
DA:9,1
DA:10,1
DA:11,1
DA:12,1
DA:14,1
DA:15,1
DA:16,1
DA:17,1
DA:19,1
DA:20,1
DA:21,1
DA:22,1
DA:23,1
DA:24,1
DA:26,1
DA:28,1
DA:33,1
DA:34,1
DA:35,1
DA:36,1
DA:37,1
DA:38,1
DA:39,1
DA:40,1
DA:41,1
DA:42,1
DA:43,1
DA:44,1
DA:45,1
DA:46,1
DA:47,1
DA:48,1
DA:49,1
DA:50,1
DA:54,1
DA:58,0
DA:62,0
DA:66,0
DA:70,0
DA:74,0
DA:78,0
DA:82,0
DA:86,0
DA:90,0
DA:94,0
DA:98,0
DA:102,0
DA:106,0
DA:110,0
DA:114,0
DA:118,0
DA:122,0
DA:126,0
DA:130,0
DA:134,0
DA:138,0
DA:145,0
DA:149,0
DA:153,0
DA:157,0
DA:161,0
DA:165,0
DA:169,0
DA:173,0
DA:177,0
DA:181,0
DA:185,0
DA:189,0
DA:193,0
DA:197,0
DA:201,0
DA:205,0
DA:209,0
DA:213,0
LF:82
LH:43
BRDA:53,0,0,1
BRDA:57,1,0,0
BRDA:61,2,0,0
BRDA:65,3,0,0
BRDA:69,4,0,0
BRDA:73,5,0,0
BRDA:77,6,0,0
BRDA:81,7,0,0
BRDA:85,8,0,0
BRDA:89,9,0,0
BRDA:93,10,0,0
BRDA:97,11,0,0
BRDA:101,12,0,0
BRDA:105,13,0,0
BRDA:109,14,0,0
BRDA:113,15,0,0
BRDA:117,16,0,0
BRDA:121,17,0,0
BRDA:125,18,0,0
BRDA:129,19,0,0
BRDA:133,20,0,0
BRDA:137,21,0,0
BRDA:144,22,0,0
BRDA:148,23,0,0
BRDA:152,24,0,0
BRDA:156,25,0,0
BRDA:160,26,0,0
BRDA:164,27,0,0
BRDA:168,28,0,0
BRDA:172,29,0,0
BRDA:176,30,0,0
BRDA:180,31,0,0
BRDA:184,32,0,0
BRDA:188,33,0,0
BRDA:192,34,0,0
BRDA:196,35,0,0
BRDA:200,36,0,0
BRDA:204,37,0,0
BRDA:208,38,0,0
BRDA:212,39,0,0
BRF:40
BRH:1
end_of_record
